\BOOKMARK [1][-]{section.1}{Estrutura\347\343o das Interna Pastas}{}% 1
\BOOKMARK [2][-]{subsection.1.1}{Pasta 'libs'}{section.1}% 2
\BOOKMARK [2][-]{subsection.1.2}{Pasta 'saves'}{section.1}% 3
\BOOKMARK [2][-]{subsection.1.3}{Pasta 'config'}{section.1}% 4
\BOOKMARK [1][-]{section.2}{Fun\347\365es e seus objetivos}{}% 5
\BOOKMARK [2][-]{subsection.2.1}{Cadastros.h}{section.2}% 6
\BOOKMARK [2][-]{subsection.2.2}{salvar.h}{section.2}% 7
\BOOKMARK [2][-]{subsection.2.3}{Consulta.h}{section.2}% 8
\BOOKMARK [2][-]{subsection.2.4}{edicao.h}{section.2}% 9
\BOOKMARK [2][-]{subsection.2.5}{exclusao.h}{section.2}% 10
\BOOKMARK [2][-]{subsection.2.6}{produto.h}{section.2}% 11
\BOOKMARK [2][-]{subsection.2.7}{reserva.h}{section.2}% 12
\BOOKMARK [2][-]{subsection.2.8}{checks.h}{section.2}% 13
\BOOKMARK [2][-]{subsection.2.9}{contas.h}{section.2}% 14
\BOOKMARK [2][-]{subsection.2.10}{config.h}{section.2}% 15
\BOOKMARK [2][-]{subsection.2.11}{importacao\137exportacao.h}{section.2}% 16
\BOOKMARK [2][-]{subsection.2.12}{main.c}{section.2}% 17
\BOOKMARK [1][-]{section.3}{help\(ajuda\)}{}% 18
\BOOKMARK [2][-]{subsection.3.1}{Comando relacionados ao hospede}{section.3}% 19
\BOOKMARK [2][-]{subsection.3.2}{Comando relacionados ao hotel}{section.3}% 20
\BOOKMARK [2][-]{subsection.3.3}{Comando relacionados ao produto}{section.3}% 21
\BOOKMARK [2][-]{subsection.3.4}{Comando relacionados ao fornecedor}{section.3}% 22
\BOOKMARK [2][-]{subsection.3.5}{Comando relacionados ao usu\341rio}{section.3}% 23
\BOOKMARK [2][-]{subsection.3.6}{Comando relacionados a categoria}{section.3}% 24
\BOOKMARK [2][-]{subsection.3.7}{Comando relacionados a acomoda\347\343o}{section.3}% 25
\BOOKMARK [2][-]{subsection.3.8}{Comando relacionados a venda/compra de produtos}{section.3}% 26
\BOOKMARK [2][-]{subsection.3.9}{Comando relacionados a reserva}{section.3}% 27
\BOOKMARK [2][-]{subsection.3.10}{Comando relacionados aos checks}{section.3}% 28
\BOOKMARK [2][-]{subsection.3.11}{Comando relacionados a conta}{section.3}% 29
\BOOKMARK [2][-]{subsection.3.12}{Comando relacionados a exporta\347\343o/importa\347\343o}{section.3}% 30
\BOOKMARK [2][-]{subsection.3.13}{Comando relacionados ao caixa}{section.3}% 31
\BOOKMARK [2][-]{subsection.3.14}{Outros comandos}{section.3}% 32
\BOOKMARK [1][-]{section.4}{Funcionamento B\341sico}{}% 33
\BOOKMARK [2][-]{subsection.4.1}{Tela de Login}{section.4}% 34
